<?xml version="1.0" encoding="UTF-8"?>
<!-- Generated by org.testng.reporters.JUnitXMLReporter -->
<testsuite ignored="0" hostname="mdivya-lp" failures="0" tests="4" name="Default test" time="10.556" errors="0" timestamp="2024-12-04T15:57:30 IST">
  <testcase classname="api.tests.UserTests" name="testPostUser" time="4.696"/>
  <testcase classname="api.tests.UserTests" name="testGetUser" time="1.383"/>
  <testcase classname="api.tests.UserTests" name="testUpdateUser" time="2.636"/>
  <testcase classname="api.tests.UserTests" name="testdeleteUser" time="1.376"/>
</testsuite> <!-- Default test -->
