<?xml version="1.0" encoding="UTF-8"?>
<testng-results ignored="0" total="4" passed="4" failed="0" skipped="0">
  <reporter-output>
  </reporter-output>
  <suite started-at="2024-12-04T15:57:19 IST" name="Default suite" finished-at="2024-12-04T15:57:30 IST" duration-ms="10556">
    <groups>
    </groups>
    <test started-at="2024-12-04T15:57:19 IST" name="Default test" finished-at="2024-12-04T15:57:30 IST" duration-ms="10556">
      <class name="api.tests.UserTests">
        <test-method is-config="true" signature="setupData()[pri:0, instance:api.tests.UserTests@2d1ef81a]" started-at="2024-12-04T15:57:19 IST" name="setupData" finished-at="2024-12-04T15:57:20 IST" duration-ms="385" status="PASS">
          <reporter-output>
          </reporter-output>
        </test-method> <!-- setupData -->
        <test-method signature="testPostUser()[pri:1, instance:api.tests.UserTests@2d1ef81a]" started-at="2024-12-04T15:57:20 IST" name="testPostUser" finished-at="2024-12-04T15:57:25 IST" duration-ms="4696" status="PASS">
          <reporter-output>
          </reporter-output>
        </test-method> <!-- testPostUser -->
        <test-method signature="testGetUser()[pri:2, instance:api.tests.UserTests@2d1ef81a]" started-at="2024-12-04T15:57:25 IST" name="testGetUser" finished-at="2024-12-04T15:57:26 IST" duration-ms="1383" status="PASS">
          <reporter-output>
          </reporter-output>
        </test-method> <!-- testGetUser -->
        <test-method signature="testUpdateUser()[pri:3, instance:api.tests.UserTests@2d1ef81a]" started-at="2024-12-04T15:57:26 IST" name="testUpdateUser" finished-at="2024-12-04T15:57:29 IST" duration-ms="2636" status="PASS">
          <reporter-output>
          </reporter-output>
        </test-method> <!-- testUpdateUser -->
        <test-method signature="testdeleteUser()[pri:4, instance:api.tests.UserTests@2d1ef81a]" started-at="2024-12-04T15:57:29 IST" name="testdeleteUser" finished-at="2024-12-04T15:57:30 IST" duration-ms="1376" status="PASS">
          <reporter-output>
          </reporter-output>
        </test-method> <!-- testdeleteUser -->
      </class> <!-- api.tests.UserTests -->
    </test> <!-- Default test -->
  </suite> <!-- Default suite -->
</testng-results>
